# JRE version: OpenJDK Runtime Environment (26.0+35) (build 26+35-2893)
# Java VM: OpenJDK 64-Bit Server VM (26+35-2893, mixed mode, sharing, tiered, compressed oops, compressed class ptrs, g1 gc, windows-amd64)
GC Precious Log:
 CardTable entry size: 512
 Card Set container configuration: InlinePtr #cards 5 size 8 Array Of Cards #cards 10 size 36 Howl #buckets 4 coarsen threshold 1843 Howl Bitmap #cards 512 size 80 coarsen threshold 460 Card regions per heap region 1 cards per card region 2048
 CPUs: 12 total, 12 available
 Memory: 12213M
 Large Page Support: Disabled
 NUMA Support: Disabled
 Compressed Oops: Enabled (32-bit)
 Heap Region Size: 1M
 Heap Min Capacity: 256M
 Heap Initial Capacity: 256M
 Heap Max Capacity: 512M
 Pre-touch: Disabled
 Parallel Workers: 10
 Concurrent Workers: 3
 Concurrent Refinement Workers: 10
 Periodic GC: Disabled
Heap:
 garbage-first heap   total reserved 524288K, committed 262144K, used 225280K [0x00000000e0000000, 0x0000000100000000)
  region size 1M, 133 eden (133M), 11 survivor (11M), 58 old (58M), 26 humongous (26M), 6 free (6M)
GC Heap Usage History (20 events):
Event: 1.013 {heap After GC invocations=1 (full 0):
 garbage-first heap   total reserved 524288K, committed 264192K, used 15546K [0x00000000e0000000, 0x0000000100000000)
  region size 1M, 0 eden (0M), 6 survivor (6M), 6 old (6M), 5 humongous (5M), 241 free (241M)
}
Event: 2.579 {heap Before GC invocations=1 (full 0):
 garbage-first heap   total reserved 524288K, committed 264192K, used 122042K [0x00000000e0000000, 0x0000000100000000)
  region size 1M, 104 eden (104M), 6 survivor (6M), 6 old (6M), 5 humongous (5M), 137 free (137M)
}
Event: 2.587 {heap After GC invocations=2 (full 0):
 garbage-first heap   total reserved 524288K, committed 264192K, used 24001K [0x00000000e0000000, 0x0000000100000000)
  region size 1M, 0 eden (0M), 14 survivor (14M), 6 old (6M), 5 humongous (5M), 233 free (233M)
}
Event: 2.619 {heap Before GC invocations=2 (full 0):
 garbage-first heap   total reserved 524288K, committed 264192K, used 28097K [0x00000000e0000000, 0x0000000100000000)
  region size 1M, 4 eden (4M), 14 survivor (14M), 6 old (6M), 7 humongous (7M), 227 free (227M)
}
Event: 2.625 {heap After GC invocations=3 (full 0):
 garbage-first heap   total reserved 524288K, committed 264192K, used 25427K [0x00000000e0000000, 0x0000000100000000)
  region size 1M, 0 eden (0M), 9 survivor (9M), 12 old (12M), 6 humongous (6M), 231 free (231M)
}
Event: 5.656 {heap Before GC invocations=4 (full 0):
 garbage-first heap   total reserved 524288K, committed 264192K, used 189267K [0x00000000e0000000, 0x0000000100000000)
  region size 1M, 144 eden (144M), 9 survivor (9M), 12 old (12M), 22 humongous (22M), 71 free (71M)
}
Event: 5.665 {heap After GC invocations=5 (full 0):
 garbage-first heap   total reserved 524288K, committed 264192K, used 50819K [0x00000000e0000000, 0x0000000100000000)
  region size 1M, 0 eden (0M), 19 survivor (19M), 12 old (12M), 21 humongous (21M), 206 free (206M)
}
Event: 5.683 {heap Before GC invocations=5 (full 0):
 garbage-first heap   total reserved 524288K, committed 264192K, used 52867K [0x00000000e0000000, 0x0000000100000000)
  region size 1M, 3 eden (3M), 19 survivor (19M), 12 old (12M), 21 humongous (21M), 203 free (203M)
}
Event: 5.690 {heap After GC invocations=6 (full 0):
 garbage-first heap   total reserved 524288K, committed 264192K, used 50942K [0x00000000e0000000, 0x0000000100000000)
  region size 1M, 0 eden (0M), 11 survivor (11M), 18 old (18M), 21 humongous (21M), 208 free (208M)
}
Event: 5.718 {heap Before GC invocations=6 (full 0):
 garbage-first heap   total reserved 524288K, committed 264192K, used 52990K [0x00000000e0000000, 0x0000000100000000)
  region size 1M, 3 eden (3M), 11 survivor (11M), 18 old (18M), 21 humongous (21M), 205 free (205M)
}
Event: 5.722 {heap After GC invocations=7 (full 0):
 garbage-first heap   total reserved 524288K, committed 264192K, used 50699K [0x00000000e0000000, 0x0000000100000000)
  region size 1M, 0 eden (0M), 11 survivor (11M), 18 old (18M), 21 humongous (21M), 208 free (208M)
}
Event: 7.132 {heap Before GC invocations=8 (full 0):
 garbage-first heap   total reserved 524288K, committed 264192K, used 195083K [0x00000000e0000000, 0x0000000100000000)
  region size 1M, 142 eden (142M), 11 survivor (11M), 18 old (18M), 21 humongous (21M), 66 free (66M)
}
Event: 7.142 {heap After GC invocations=9 (full 0):
 garbage-first heap   total reserved 524288K, committed 264192K, used 63942K [0x00000000e0000000, 0x0000000100000000)
  region size 1M, 0 eden (0M), 20 survivor (20M), 22 old (22M), 21 humongous (21M), 195 free (195M)
}
Event: 8.451 {heap Before GC invocations=9 (full 0):
 garbage-first heap   total reserved 524288K, committed 264192K, used 188870K [0x00000000e0000000, 0x0000000100000000)
  region size 1M, 123 eden (123M), 20 survivor (20M), 22 old (22M), 21 humongous (21M), 72 free (72M)
}
Event: 8.463 {heap After GC invocations=10 (full 0):
 garbage-first heap   total reserved 524288K, committed 264192K, used 72963K [0x00000000e0000000, 0x0000000100000000)
  region size 1M, 0 eden (0M), 10 survivor (10M), 41 old (41M), 21 humongous (21M), 186 free (186M)
}
Event: 8.490 {heap Before GC invocations=10 (full 0):
 garbage-first heap   total reserved 524288K, committed 264192K, used 75011K [0x00000000e0000000, 0x0000000100000000)
  region size 1M, 3 eden (3M), 10 survivor (10M), 41 old (41M), 21 humongous (21M), 183 free (183M)
}
Event: 8.495 {heap After GC invocations=11 (full 0):
 garbage-first heap   total reserved 524288K, committed 264192K, used 72043K [0x00000000e0000000, 0x0000000100000000)
  region size 1M, 0 eden (0M), 9 survivor (9M), 41 old (41M), 21 humongous (21M), 187 free (187M)
}
Event: 9.836 {heap Before GC invocations=12 (full 0):
 garbage-first heap   total reserved 524288K, committed 264192K, used 218475K [0x00000000e0000000, 0x0000000100000000)
  region size 1M, 144 eden (144M), 9 survivor (9M), 41 old (41M), 21 humongous (21M), 43 free (43M)
}
Event: 9.845 {heap After GC invocations=13 (full 0):
 garbage-first heap   total reserved 524288K, committed 262144K, used 83968K [0x00000000e0000000, 0x0000000100000000)
  region size 1M, 0 eden (0M), 20 survivor (20M), 41 old (41M), 21 humongous (21M), 174 free (174M)
}
Event: 230.703 {heap Before GC invocations=13 (full 0):
 garbage-first heap   total reserved 524288K, committed 262144K, used 224256K [0x00000000e0000000, 0x0000000100000000)
  region size 1M, 133 eden (133M), 20 survivor (20M), 41 old (41M), 26 humongous (26M), 36 free (36M)
}

